#
# A fatal error has been detected by the Java Runtime Environment:
#
#  Internal Error (javaClasses.cpp:129), pid=3628, tid=7504
#  fatal error: Invalid layout of preloaded class
#
# JRE version: 7.0_07-b11
# Java VM: Java HotSpot(TM) Client VM (23.3-b01 mixed mode windows-x86 )
# Failed to write core dump. Minidumps are not enabled by default on client versions of Windows
#
# If you would like to submit a bug report, please visit:
#   http://bugreport.sun.com/bugreport/crash.jsp
#

---------------  T H R E A D  ---------------

Current thread (0x0028b400):  JavaThread "Unknown thread" [_thread_in_vm, id=7504, stack(0x003a0000,0x003f0000)]

Stack: [0x003a0000,0x003f0000],  sp=0x003ef958,  free space=318k
Native frames: (J=compiled Java code, j=interpreted, Vv=VM code, C=native code)
V  [jvm.dll+0x16f2f1]
V  [jvm.dll+0x169496]
V  [jvm.dll+0x2082f]
V  [jvm.dll+0x208b6]
V  [jvm.dll+0x2e64d]
V  [jvm.dll+0x2e8f9]
V  [jvm.dll+0x77d01]
V  [jvm.dll+0x780bb]
V  [jvm.dll+0x1290e1]
V  [jvm.dll+0x149b8a]
V  [jvm.dll+0xa997f]
C  [javaw.exe+0x1359]
C  [javaw.exe+0x1dbb]
C  [javaw.exe+0xa0eb]
C  [javaw.exe+0xa175]
C  [kernel32.dll+0x133aa]  BaseThreadInitThunk+0x12
C  [ntdll.dll+0x39ef2]  RtlInitializeExceptionChain+0x63
C  [ntdll.dll+0x39ec5]  RtlInitializeExceptionChain+0x36


---------------  P R O C E S S  ---------------

Java Threads: ( => current thread )

Other Threads:

=>0x0028b400 (exited) JavaThread "Unknown thread" [_thread_in_vm, id=7504, stack(0x003a0000,0x003f0000)]

VM state:not at safepoint (not fully initialized)

VM Mutex/Monitor currently owned by a thread: None

GC Heap History (0 events):
No events

Deoptimization events (0 events):
No events

Internal exceptions (0 events):
No events

Events (10 events):
Event: 0.007 loading class 0x009341f0 done
Event: 0.007 loading class 0x00933750 done
Event: 0.007 loading class 0x00933728
Event: 0.008 loading class 0x009a9be0
Event: 0.008 loading class 0x009a9be0 done
Event: 0.008 loading class 0x009a9c18
Event: 0.008 loading class 0x009a9c18 done
Event: 0.008 loading class 0x009aab20
Event: 0.008 loading class 0x009aab20 done
Event: 0.008 loading class 0x00933728 done


Dynamic libraries:
0x00a40000 - 0x00a6f000 	C:\Program Files (x86)\Java\jre7\bin\javaw.exe
0x775b0000 - 0x77730000 	C:\Windows\SysWOW64\ntdll.dll
0x75000000 - 0x75110000 	C:\Windows\syswow64\kernel32.dll
0x76a80000 - 0x76ac7000 	C:\Windows\syswow64\KERNELBASE.dll
0x761d0000 - 0x76270000 	C:\Windows\syswow64\ADVAPI32.dll
0x752f0000 - 0x7539c000 	C:\Windows\syswow64\msvcrt.dll
0x768e0000 - 0x768f9000 	C:\Windows\SysWOW64\sechost.dll
0x764b0000 - 0x765a0000 	C:\Windows\syswow64\RPCRT4.dll
0x74c90000 - 0x74cf0000 	C:\Windows\syswow64\SspiCli.dll
0x74c80000 - 0x74c8c000 	C:\Windows\syswow64\CRYPTBASE.dll
0x765a0000 - 0x766a0000 	C:\Windows\syswow64\USER32.dll
0x74dc0000 - 0x74e50000 	C:\Windows\syswow64\GDI32.dll
0x76730000 - 0x7673a000 	C:\Windows\syswow64\LPK.dll
0x76130000 - 0x761cd000 	C:\Windows\syswow64\USP10.dll
0x70e20000 - 0x70fbe000 	C:\Windows\WinSxS\x86_microsoft.windows.common-controls_6595b64144ccf1df_6.0.7601.17514_none_41e6975e2bd6f2b2\COMCTL32.dll
0x74cf0000 - 0x74d47000 	C:\Windows\syswow64\SHLWAPI.dll
0x753a0000 - 0x75400000 	C:\Windows\system32\IMM32.DLL
0x75400000 - 0x754cc000 	C:\Windows\syswow64\MSCTF.dll
0x72690000 - 0x726c6000 	C:\Windows\SysWOW64\nvinit.dll
0x69b00000 - 0x69bbe000 	C:\Program Files (x86)\Java\jre7\bin\msvcr100.dll
0x6e3b0000 - 0x6e6fc000 	C:\Program Files (x86)\Java\jre7\bin\client\jvm.dll
0x71fa0000 - 0x71fa7000 	C:\Windows\system32\WSOCK32.dll
0x752b0000 - 0x752e5000 	C:\Windows\syswow64\WS2_32.dll
0x762b0000 - 0x762b6000 	C:\Windows\syswow64\NSI.dll
0x72590000 - 0x725c2000 	C:\Windows\system32\WINMM.dll
0x76270000 - 0x76275000 	C:\Windows\syswow64\PSAPI.DLL
0x73f40000 - 0x73f4c000 	C:\Program Files (x86)\Java\jre7\bin\verify.dll
0x73f20000 - 0x73f40000 	C:\Program Files (x86)\Java\jre7\bin\java.dll
0x73f00000 - 0x73f13000 	C:\Program Files (x86)\Java\jre7\bin\zip.dll
0x6ef10000 - 0x6effb000 	C:\Windows\system32\dbghelp.dll

VM Arguments:
jvm_args: -Dfile.encoding=Cp1252 -Xbootclasspath:C:\Users\Lawton\Downloads\adt-bundle-windows-x86\adt-bundle-windows-x86\sdk\platforms\android-17\android.jar 
java_command: org.eclipse.jdt.internal.junit.runner.RemoteTestRunner -version 3 -port 64990 -testLoaderClass org.eclipse.jdt.internal.junit4.runner.JUnit4TestLoader -loaderpluginname org.eclipse.jdt.junit4.runtime -classNames game.CardTest
Launcher Type: SUN_STANDARD

Environment Variables:
CLASSPATH=.;C:\Program Files (x86)\Java\jre7\lib\ext\QTJava.zip
PATH=C:/Program Files (x86)/Java/jre7/bin/client;C:/Program Files (x86)/Java/jre7/bin;C:/Program Files (x86)/Java/jre7/lib/i386;C:\Program Files\Common Files\Microsoft Shared\Windows Live;C:\Program Files (x86)\Common Files\Microsoft Shared\Windows Live;C:\Windows\system32;C:\Windows;C:\Windows\System32\Wbem;C:\Windows\System32\WindowsPowerShell\v1.0\;C:\Program Files (x86)\Windows Live\Shared;C:\Program Files (x86)\VMware\CobraWinLDTP\;C:\Python27;C:\Program Files (x86)\Java\jre7\bin;C:\Ruby193\bin;C:\Program Files (x86)\Java\jre1.6.0_07\bin;C:\Program Files (x86)\QuickTime\QTSystem\;C:\Users\Lawton\Downloads\adt-bundle-windows-x86\adt-bundle-windows-x86\eclipse;
USERNAME=Lawton
OS=Windows_NT
PROCESSOR_IDENTIFIER=Intel64 Family 6 Model 42 Stepping 7, GenuineIntel



---------------  S Y S T E M  ---------------

OS: Windows 7 , 64 bit Build 7601 Service Pack 1

CPU:total 4 (2 cores per cpu, 2 threads per core) family 6 model 42 stepping 7, cmov, cx8, fxsr, mmx, sse, sse2, sse3, ssse3, sse4.1, sse4.2, popcnt, avx, ht, tsc, tscinvbit

Memory: 4k page, physical 6194244k(3281580k free), swap 12386632k(8296364k free)

vm_info: Java HotSpot(TM) Client VM (23.3-b01) for windows-x86 JRE (1.7.0_07-b11), built on Sep  7 2012 01:40:56 by "java_re" with unknown MS VC++:1600

time: Thu Apr 04 14:41:21 2013
elapsed time: 0 seconds

