#
# A fatal error has been detected by the Java Runtime Environment:
#
#  Internal Error (javaClasses.cpp:129), pid=4260, tid=6336
#  fatal error: Invalid layout of preloaded class
#
# JRE version: 7.0_07-b11
# Java VM: Java HotSpot(TM) Client VM (23.3-b01 mixed mode windows-x86 )
# Failed to write core dump. Minidumps are not enabled by default on client versions of Windows
#
# If you would like to submit a bug report, please visit:
#   http://bugreport.sun.com/bugreport/crash.jsp
#

---------------  T H R E A D  ---------------

Current thread (0x0031ac00):  JavaThread "Unknown thread" [_thread_in_vm, id=6336, stack(0x002b0000,0x00300000)]

Stack: [0x002b0000,0x00300000],  sp=0x002ff440,  free space=317k
Native frames: (J=compiled Java code, j=interpreted, Vv=VM code, C=native code)
V  [jvm.dll+0x16f2f1]
V  [jvm.dll+0x169496]
V  [jvm.dll+0x2082f]
V  [jvm.dll+0x208b6]
V  [jvm.dll+0x2e64d]
V  [jvm.dll+0x2e8f9]
V  [jvm.dll+0x77d01]
V  [jvm.dll+0x780bb]
V  [jvm.dll+0x1290e1]
V  [jvm.dll+0x149b8a]
V  [jvm.dll+0xa997f]
C  [javaw.exe+0x1359]
C  [javaw.exe+0x1dbb]
C  [javaw.exe+0xa0eb]
C  [javaw.exe+0xa175]
C  [kernel32.dll+0x133aa]  BaseThreadInitThunk+0x12
C  [ntdll.dll+0x39ef2]  RtlInitializeExceptionChain+0x63
C  [ntdll.dll+0x39ec5]  RtlInitializeExceptionChain+0x36


---------------  P R O C E S S  ---------------

Java Threads: ( => current thread )

Other Threads:

=>0x0031ac00 (exited) JavaThread "Unknown thread" [_thread_in_vm, id=6336, stack(0x002b0000,0x00300000)]

VM state:not at safepoint (not fully initialized)

VM Mutex/Monitor currently owned by a thread: None

GC Heap History (0 events):
No events

Deoptimization events (0 events):
No events

Internal exceptions (0 events):
No events

Events (10 events):
Event: 0.006 loading class 0x01d63ec8 done
Event: 0.006 loading class 0x01d630f8 done
Event: 0.006 loading class 0x01d630d0
Event: 0.007 loading class 0x01dd91e0
Event: 0.007 loading class 0x01dd91e0 done
Event: 0.007 loading class 0x01dd9218
Event: 0.007 loading class 0x01dd9218 done
Event: 0.007 loading class 0x01dda120
Event: 0.007 loading class 0x01dda120 done
Event: 0.007 loading class 0x01d630d0 done


Dynamic libraries:
0x00270000 - 0x0029f000 	C:\Program Files (x86)\Java\jre7\bin\javaw.exe
0x773d0000 - 0x77550000 	C:\Windows\SysWOW64\ntdll.dll
0x76030000 - 0x76140000 	C:\Windows\syswow64\kernel32.dll
0x75d70000 - 0x75db7000 	C:\Windows\syswow64\KERNELBASE.dll
0x76220000 - 0x762c0000 	C:\Windows\syswow64\ADVAPI32.dll
0x763e0000 - 0x7648c000 	C:\Windows\syswow64\msvcrt.dll
0x76010000 - 0x76029000 	C:\Windows\SysWOW64\sechost.dll
0x76800000 - 0x768f0000 	C:\Windows\syswow64\RPCRT4.dll
0x74ab0000 - 0x74b10000 	C:\Windows\syswow64\SspiCli.dll
0x74aa0000 - 0x74aac000 	C:\Windows\syswow64\CRYPTBASE.dll
0x74b10000 - 0x74c10000 	C:\Windows\syswow64\USER32.dll
0x75dc0000 - 0x75e50000 	C:\Windows\syswow64\GDI32.dll
0x74c40000 - 0x74c4a000 	C:\Windows\syswow64\LPK.dll
0x74f40000 - 0x74fdd000 	C:\Windows\syswow64\USP10.dll
0x72d80000 - 0x72f1e000 	C:\Windows\WinSxS\x86_microsoft.windows.common-controls_6595b64144ccf1df_6.0.7601.17514_none_41e6975e2bd6f2b2\COMCTL32.dll
0x75d10000 - 0x75d67000 	C:\Windows\syswow64\SHLWAPI.dll
0x75e50000 - 0x75eb0000 	C:\Windows\system32\IMM32.DLL
0x76730000 - 0x767fc000 	C:\Windows\syswow64\MSCTF.dll
0x744b0000 - 0x744e6000 	C:\Windows\SysWOW64\nvinit.dll
0x5b790000 - 0x5b84e000 	C:\Program Files (x86)\Java\jre7\bin\msvcr100.dll
0x5c540000 - 0x5c88c000 	C:\Program Files (x86)\Java\jre7\bin\client\jvm.dll
0x73f80000 - 0x73f87000 	C:\Windows\system32\WSOCK32.dll
0x74fe0000 - 0x75015000 	C:\Windows\syswow64\WS2_32.dll
0x773a0000 - 0x773a6000 	C:\Windows\syswow64\NSI.dll
0x73f10000 - 0x73f42000 	C:\Windows\system32\WINMM.dll
0x761e0000 - 0x761e5000 	C:\Windows\syswow64\PSAPI.DLL
0x6d1a0000 - 0x6d1ac000 	C:\Program Files (x86)\Java\jre7\bin\verify.dll
0x67e80000 - 0x67ea0000 	C:\Program Files (x86)\Java\jre7\bin\java.dll
0x67e60000 - 0x67e73000 	C:\Program Files (x86)\Java\jre7\bin\zip.dll
0x71500000 - 0x715eb000 	C:\Windows\system32\dbghelp.dll

VM Arguments:
jvm_args: -Dfile.encoding=Cp1252 -Xbootclasspath:C:\Users\Lawton\Downloads\adt-bundle-windows-x86\adt-bundle-windows-x86\sdk\platforms\android-17\android.jar 
java_command: Game.Tester
Launcher Type: SUN_STANDARD

Environment Variables:
PATH=C:/Program Files (x86)/Java/jre7/bin/client;C:/Program Files (x86)/Java/jre7/bin;C:/Program Files (x86)/Java/jre7/lib/i386;C:\Program Files\Common Files\Microsoft Shared\Windows Live;C:\Program Files (x86)\Common Files\Microsoft Shared\Windows Live;C:\Windows\system32;C:\Windows;C:\Windows\System32\Wbem;C:\Windows\System32\WindowsPowerShell\v1.0\;C:\Program Files (x86)\Windows Live\Shared;C:\Program Files (x86)\VMware\CobraWinLDTP\;C:\Python27;C:\Program Files (x86)\Java\jre7\bin;C:\Ruby193\bin;C:\Program Files (x86)\Java\jre1.6.0_07\bin;C:\Users\Lawton\Downloads\adt-bundle-windows-x86\adt-bundle-windows-x86\eclipse;
USERNAME=Lawton
OS=Windows_NT
PROCESSOR_IDENTIFIER=Intel64 Family 6 Model 42 Stepping 7, GenuineIntel



---------------  S Y S T E M  ---------------

OS: Windows 7 , 64 bit Build 7601 Service Pack 1

CPU:total 4 (2 cores per cpu, 2 threads per core) family 6 model 42 stepping 7, cmov, cx8, fxsr, mmx, sse, sse2, sse3, ssse3, sse4.1, sse4.2, popcnt, avx, ht, tsc, tscinvbit

Memory: 4k page, physical 6194244k(3002088k free), swap 12386632k(7878520k free)

vm_info: Java HotSpot(TM) Client VM (23.3-b01) for windows-x86 JRE (1.7.0_07-b11), built on Sep  7 2012 01:40:56 by "java_re" with unknown MS VC++:1600

time: Sun Mar 10 19:38:12 2013
elapsed time: 0 seconds

